//---------------------------------------------------------------------------
// File name:   imports.lst
// Description: Used to generate code for IRX function imports
//---------------------------------------------------------------------------

dmacman_IMPORTS_start
I_dmac_request
I_dmac_transfer
I_dmac_ch_set_dpcr
I_dmac_enable
I_dmac_disable
dmacman_IMPORTS_end

intrman_IMPORTS_start
I_RegisterIntrHandler
I_ReleaseIntrHandler
I_EnableIntr
I_DisableIntr
I_CpuSuspendIntr
I_CpuResumeIntr
intrman_IMPORTS_end

ioman_IMPORTS_start
I_open
I_write
I_close
ioman_IMPORTS_end

loadcore_IMPORTS_start
I_QueryLibraryEntryTable
loadcore_IMPORTS_end

sifcmd_IMPORTS_start
I_sceSifInitRpc 
I_sceSifSetRpcQueue 
I_sceSifRegisterRpc 
I_sceSifRpcLoop
sifcmd_IMPORTS_end

stdio_IMPORTS_start
I_printf
stdio_IMPORTS_end

sysclib_IMPORTS_start
I_memset
I_memcpy
I_strcmp
I_strncmp
I_strlen
I_strtol
I_strchr
I_strcpy
I_strcat
I_sprintf
sysclib_IMPORTS_end

sysmem_IMPORTS_start
I_AllocSysMemory
I_FreeSysMemory
sysmem_IMPORTS_end

thbase_IMPORTS_start
I_CreateThread
I_StartThread
I_DelayThread
I_DeleteThread
I_GetThreadId
thbase_IMPORTS_end

thevent_IMPORTS_start
I_CreateEventFlag
I_SetEventFlag
I_iSetEventFlag
I_ClearEventFlag
I_WaitEventFlag
thevent_IMPORTS_end
thsemap_IMPORTS_start
I_WaitSema
I_SignalSema
thsemap_IMPORTS_end

//---------------------------------------------------------------------------
// End of file: imports.lst
//---------------------------------------------------------------------------
