//---------------------------------------------------------------------------
// File name:   imports.lst
// Description: Used to generate code for IRX function imports
//---------------------------------------------------------------------------

sysmem_IMPORTS_start
I_AllocSysMemory
I_FreeSysMemory
sysmem_IMPORTS_end

intrman_IMPORTS_start
I_CpuSuspendIntr
I_CpuResumeIntr
intrman_IMPORTS_end

iomanX_IMPORTS_start
I_open
I_close
I_read
I_lseek
I_write
I_mount
I_umount
I_devctl
iomanX_IMPORTS_end

loadcore_IMPORTS_start
I_QueryLibraryEntryTable
loadcore_IMPORTS_end

sifcmd_IMPORTS_start
I_sceSifInitRpc 
I_sceSifSetRpcQueue 
I_sceSifRegisterRpc 
I_sceSifRpcLoop
sifcmd_IMPORTS_end

stdio_IMPORTS_start
I_printf
stdio_IMPORTS_end

sysclib_IMPORTS_start
I_memset
I_memcmp
I_memcpy
I_strcmp
I_strncmp
I_strlen
I_strtol
I_strchr
I_strcpy
I_strcat
I_sprintf
sysclib_IMPORTS_end

thbase_IMPORTS_start
I_CreateThread
I_StartThread
I_DelayThread
I_DeleteThread
I_GetThreadId
thbase_IMPORTS_end

thsemap_IMPORTS_start
I_WaitSema
I_SignalSema
thsemap_IMPORTS_end

//---------------------------------------------------------------------------
// End of file: imports.lst
//---------------------------------------------------------------------------
